2015-04-15 03:02:17: -- Analysis Started by On File Change 1st Full Analyze
2015-04-15 03:02:17: Справа: State file does not exist: F:/GitHub/wm-Sites/4vapor.ru/_gsdata_/_file_state_v4._gs
2015-04-15 03:02:17: Изменений: 120, Конфликтов: 0, Копий Времени: 0, Копий Состояния: 345/0, Ошибок: 0, All: 467
2015-04-15 03:02:17: Left to Right: Copy File: 120 Copy State: 345 
2015-04-15 03:02:17: == Sync Started by On File Change 1st Full Analyze
2015-04-15 03:02:17: Создана Папка 'F:/GitHub/wm-Sites/4vapor.ru/css'
2015-04-15 03:02:17: Создана Папка 'F:/GitHub/wm-Sites/4vapor.ru/css/base'
2015-04-15 03:02:17: Создана Папка 'F:/GitHub/wm-Sites/4vapor.ru/fonts'
2015-04-15 03:02:17: Создана Папка 'F:/GitHub/wm-Sites/4vapor.ru/img'
2015-04-15 03:02:17: Создана Папка 'F:/GitHub/wm-Sites/4vapor.ru/img/offer'
2015-04-15 03:02:17: Создана Папка 'F:/GitHub/wm-Sites/4vapor.ru/js'
2015-04-15 03:02:17: Создана Папка 'F:/GitHub/wm-Sites/4vapor.ru/old'
2015-04-15 03:02:17: Создана Папка 'F:/GitHub/wm-Sites/4vapor.ru/old/css'
2015-04-15 03:02:17: Создана Папка 'F:/GitHub/wm-Sites/4vapor.ru/old/fonts'
2015-04-15 03:02:17: Создана Папка 'F:/GitHub/wm-Sites/4vapor.ru/old/img'
2015-04-15 03:02:17: Создана Папка 'F:/GitHub/wm-Sites/4vapor.ru/old/img/esigvsanalog'
2015-04-15 03:02:17: Создана Папка 'F:/GitHub/wm-Sites/4vapor.ru/old/img/offer'
2015-04-15 03:02:17: Создана Папка 'F:/GitHub/wm-Sites/4vapor.ru/old/img/preview'
2015-04-15 03:02:18: Создана Папка 'F:/GitHub/wm-Sites/4vapor.ru/old/img/sig'
2015-04-15 03:02:18: Создана Папка 'F:/GitHub/wm-Sites/4vapor.ru/old/js'
2015-04-15 03:02:18: Создана Папка 'F:/GitHub/wm-Sites/4vapor.ru/old/php'
2015-04-15 03:02:18: Создана Папка 'F:/GitHub/wm-Sites/4vapor.ru/old/sass'
2015-04-15 03:02:18: Создана Папка 'F:/GitHub/wm-Sites/4vapor.ru/old/sass/base'
2015-04-15 03:02:18: Создана Папка 'F:/GitHub/wm-Sites/4vapor.ru/old/sass/project'
2015-04-15 03:02:18: Создана Папка 'F:/GitHub/wm-Sites/4vapor.ru/old/sass/project1'
2015-04-15 03:02:18: Создана Папка 'F:/GitHub/wm-Sites/4vapor.ru/php'
2015-04-15 03:02:18: Создана Папка 'F:/GitHub/wm-Sites/4vapor.ru/sass'
2015-04-15 03:02:18: Создана Папка 'F:/GitHub/wm-Sites/4vapor.ru/sass/base'
2015-04-15 03:02:18: Создана Папка 'F:/GitHub/wm-Sites/4vapor.ru/sass/project'
2015-04-15 03:02:18: Скопирован новый 'F:/-- workflow/4vapor.ru/css/base/mix.css' -> 'F:/GitHub/wm-Sites/4vapor.ru/css/base/mix.css'
2015-04-15 03:02:18: Скопирован новый 'F:/-- workflow/4vapor.ru/css/main.css' -> 'F:/GitHub/wm-Sites/4vapor.ru/css/main.css'
2015-04-15 03:02:18: Скопирован новый 'F:/-- workflow/4vapor.ru/css/normalize.css' -> 'F:/GitHub/wm-Sites/4vapor.ru/css/normalize.css'
2015-04-15 03:02:18: Скопирован новый 'F:/-- workflow/4vapor.ru/css/reset.css' -> 'F:/GitHub/wm-Sites/4vapor.ru/css/reset.css'
2015-04-15 03:02:18: Скопирован новый 'F:/-- workflow/4vapor.ru/favicon.ico' -> 'F:/GitHub/wm-Sites/4vapor.ru/favicon.ico'
2015-04-15 03:02:18: Скопирован новый 'F:/-- workflow/4vapor.ru/fonts/Pragmatica.otf' -> 'F:/GitHub/wm-Sites/4vapor.ru/fonts/Pragmatica.otf'
2015-04-15 03:02:18: Скопирован новый 'F:/-- workflow/4vapor.ru/fonts/Pragmatical.otf' -> 'F:/GitHub/wm-Sites/4vapor.ru/fonts/Pragmatical.otf'
2015-04-15 03:02:18: Скопирован новый 'F:/-- workflow/4vapor.ru/img/accum.png' -> 'F:/GitHub/wm-Sites/4vapor.ru/img/accum.png'
2015-04-15 03:02:18: Скопирован новый 'F:/-- workflow/4vapor.ru/img/arrow.png' -> 'F:/GitHub/wm-Sites/4vapor.ru/img/arrow.png'
2015-04-15 03:02:18: Скопирован новый 'F:/-- workflow/4vapor.ru/img/clir.png' -> 'F:/GitHub/wm-Sites/4vapor.ru/img/clir.png'
2015-04-15 03:02:18: Скопирован новый 'F:/-- workflow/4vapor.ru/img/emus.png' -> 'F:/GitHub/wm-Sites/4vapor.ru/img/emus.png'
2015-04-15 03:02:18: Скопирован новый 'F:/-- workflow/4vapor.ru/img/favicon.ico' -> 'F:/GitHub/wm-Sites/4vapor.ru/img/favicon.ico'
2015-04-15 03:02:18: Скопирован новый 'F:/-- workflow/4vapor.ru/img/item-emus.png' -> 'F:/GitHub/wm-Sites/4vapor.ru/img/item-emus.png'
2015-04-15 03:02:18: Скопирован новый 'F:/-- workflow/4vapor.ru/img/logo.png' -> 'F:/GitHub/wm-Sites/4vapor.ru/img/logo.png'
2015-04-15 03:02:18: Скопирован новый 'F:/-- workflow/4vapor.ru/img/master.png' -> 'F:/GitHub/wm-Sites/4vapor.ru/img/master.png'
2015-04-15 03:02:18: Скопирован новый 'F:/-- workflow/4vapor.ru/img/qiwi.png' -> 'F:/GitHub/wm-Sites/4vapor.ru/img/qiwi.png'
2015-04-15 03:02:18: Скопирован новый 'F:/-- workflow/4vapor.ru/img/visa.png' -> 'F:/GitHub/wm-Sites/4vapor.ru/img/visa.png'
2015-04-15 03:02:18: Скопирован новый 'F:/-- workflow/4vapor.ru/img/wii-clir-acc.png' -> 'F:/GitHub/wm-Sites/4vapor.ru/img/wii-clir-acc.png'
2015-04-15 03:02:18: Скопирован новый 'F:/-- workflow/4vapor.ru/img/wm.png' -> 'F:/GitHub/wm-Sites/4vapor.ru/img/wm.png'
2015-04-15 03:02:18: Скопирован новый 'F:/-- workflow/4vapor.ru/img/yad.png' -> 'F:/GitHub/wm-Sites/4vapor.ru/img/yad.png'
2015-04-15 03:02:18: Скопирован новый 'F:/-- workflow/4vapor.ru/index.html' -> 'F:/GitHub/wm-Sites/4vapor.ru/index.html'
2015-04-15 03:02:18: Скопирован новый 'F:/-- workflow/4vapor.ru/js/cssrefresh.js' -> 'F:/GitHub/wm-Sites/4vapor.ru/js/cssrefresh.js'
2015-04-15 03:02:19: Скопирован новый 'F:/-- workflow/4vapor.ru/js/fastclick.js' -> 'F:/GitHub/wm-Sites/4vapor.ru/js/fastclick.js'
2015-04-15 03:02:19: Скопирован новый 'F:/-- workflow/4vapor.ru/js/fastclick.min.js' -> 'F:/GitHub/wm-Sites/4vapor.ru/js/fastclick.min.js'
2015-04-15 03:02:19: Скопирован новый 'F:/-- workflow/4vapor.ru/js/html5shiv.min.js' -> 'F:/GitHub/wm-Sites/4vapor.ru/js/html5shiv.min.js'
2015-04-15 03:02:19: Скопирован новый 'F:/-- workflow/4vapor.ru/js/jq191.min.js' -> 'F:/GitHub/wm-Sites/4vapor.ru/js/jq191.min.js'
2015-04-15 03:02:19: Скопирован новый 'F:/-- workflow/4vapor.ru/js/main.js' -> 'F:/GitHub/wm-Sites/4vapor.ru/js/main.js'
2015-04-15 03:02:19: Скопирован новый 'F:/-- workflow/4vapor.ru/js/modernizr.js' -> 'F:/GitHub/wm-Sites/4vapor.ru/js/modernizr.js'
2015-04-15 03:02:19: Скопирован новый 'F:/-- workflow/4vapor.ru/old/css/animate.css' -> 'F:/GitHub/wm-Sites/4vapor.ru/old/css/animate.css'
2015-04-15 03:02:19: Скопирован новый 'F:/-- workflow/4vapor.ru/old/css/main.css' -> 'F:/GitHub/wm-Sites/4vapor.ru/old/css/main.css'
2015-04-15 03:02:19: Скопирован новый 'F:/-- workflow/4vapor.ru/old/css/normalize.css' -> 'F:/GitHub/wm-Sites/4vapor.ru/old/css/normalize.css'
2015-04-15 03:02:19: Скопирован новый 'F:/-- workflow/4vapor.ru/old/css/reset.css' -> 'F:/GitHub/wm-Sites/4vapor.ru/old/css/reset.css'
2015-04-15 03:02:19: Скопирован новый 'F:/-- workflow/4vapor.ru/old/fonts/Pragmatica.otf' -> 'F:/GitHub/wm-Sites/4vapor.ru/old/fonts/Pragmatica.otf'
2015-04-15 03:02:19: Скопирован новый 'F:/-- workflow/4vapor.ru/old/fonts/Pragmatical.otf' -> 'F:/GitHub/wm-Sites/4vapor.ru/old/fonts/Pragmatical.otf'
2015-04-15 03:02:19: Скопирован новый 'F:/-- workflow/4vapor.ru/old/img/4vapor.png' -> 'F:/GitHub/wm-Sites/4vapor.ru/old/img/4vapor.png'
2015-04-15 03:02:19: Скопирован новый 'F:/-- workflow/4vapor.ru/old/img/4vaporwhite.png' -> 'F:/GitHub/wm-Sites/4vapor.ru/old/img/4vaporwhite.png'
2015-04-15 03:02:19: Скопирован новый 'F:/-- workflow/4vapor.ru/old/img/esigvsanalog/analog.png' -> 'F:/GitHub/wm-Sites/4vapor.ru/old/img/esigvsanalog/analog.png'
2015-04-15 03:02:19: Скопирован новый 'F:/-- workflow/4vapor.ru/old/img/esigvsanalog/bg.jpg' -> 'F:/GitHub/wm-Sites/4vapor.ru/old/img/esigvsanalog/bg.jpg'
2015-04-15 03:02:19: Скопирован новый 'F:/-- workflow/4vapor.ru/old/img/esigvsanalog/bgorig.jpg' -> 'F:/GitHub/wm-Sites/4vapor.ru/old/img/esigvsanalog/bgorig.jpg'
2015-04-15 03:02:19: Скопирован новый 'F:/-- workflow/4vapor.ru/old/img/esigvsanalog/esig.png' -> 'F:/GitHub/wm-Sites/4vapor.ru/old/img/esigvsanalog/esig.png'
2015-04-15 03:02:19: Скопирован новый 'F:/-- workflow/4vapor.ru/old/img/offer/bgoffer.jpg' -> 'F:/GitHub/wm-Sites/4vapor.ru/old/img/offer/bgoffer.jpg'
2015-04-15 03:02:19: Скопирован новый 'F:/-- workflow/4vapor.ru/old/img/offer/egoce5.JPG' -> 'F:/GitHub/wm-Sites/4vapor.ru/old/img/offer/egoce5.JPG'
2015-04-15 03:02:19: Скопирован новый 'F:/-- workflow/4vapor.ru/old/img/offer/egoce52.png' -> 'F:/GitHub/wm-Sites/4vapor.ru/old/img/offer/egoce52.png'
2015-04-15 03:02:19: Скопирован новый 'F:/-- workflow/4vapor.ru/old/img/offer/Без имени.jpg' -> 'F:/GitHub/wm-Sites/4vapor.ru/old/img/offer/Без имени.jpg'
2015-04-15 03:02:19: Скопирован новый 'F:/-- workflow/4vapor.ru/old/img/preview/1.jpg' -> 'F:/GitHub/wm-Sites/4vapor.ru/old/img/preview/1.jpg'
2015-04-15 03:02:19: Скопирован новый 'F:/-- workflow/4vapor.ru/old/img/preview/2.jpg' -> 'F:/GitHub/wm-Sites/4vapor.ru/old/img/preview/2.jpg'
2015-04-15 03:02:19: Скопирован новый 'F:/-- workflow/4vapor.ru/old/img/preview/3.jpg' -> 'F:/GitHub/wm-Sites/4vapor.ru/old/img/preview/3.jpg'
2015-04-15 03:02:19: Скопирован новый 'F:/-- workflow/4vapor.ru/old/img/preview/4.jpg' -> 'F:/GitHub/wm-Sites/4vapor.ru/old/img/preview/4.jpg'
2015-04-15 03:02:19: Скопирован новый 'F:/-- workflow/4vapor.ru/old/img/preview/5.jpg' -> 'F:/GitHub/wm-Sites/4vapor.ru/old/img/preview/5.jpg'
2015-04-15 03:02:19: Скопирован новый 'F:/-- workflow/4vapor.ru/old/img/sig/1emus.png' -> 'F:/GitHub/wm-Sites/4vapor.ru/old/img/sig/1emus.png'
2015-04-15 03:02:19: Скопирован новый 'F:/-- workflow/4vapor.ru/old/img/sig/bat.jpg' -> 'F:/GitHub/wm-Sites/4vapor.ru/old/img/sig/bat.jpg'
2015-04-15 03:02:19: Скопирован новый 'F:/-- workflow/4vapor.ru/old/img/sig/clir.jpg' -> 'F:/GitHub/wm-Sites/4vapor.ru/old/img/sig/clir.jpg'
2015-04-15 03:02:19: Скопирован новый 'F:/-- workflow/4vapor.ru/old/img/sig/emus-goriz.png' -> 'F:/GitHub/wm-Sites/4vapor.ru/old/img/sig/emus-goriz.png'
2015-04-15 03:02:19: Скопирован новый 'F:/-- workflow/4vapor.ru/old/img/sig/emus.png' -> 'F:/GitHub/wm-Sites/4vapor.ru/old/img/sig/emus.png'
2015-04-15 03:02:19: Скопирован новый 'F:/-- workflow/4vapor.ru/old/img/sig/emus1.png' -> 'F:/GitHub/wm-Sites/4vapor.ru/old/img/sig/emus1.png'
2015-04-15 03:02:19: Скопирован новый 'F:/-- workflow/4vapor.ru/old/img/sig/kanger-esmart-e-cigarette-kit-wholesale.jpg' -> 'F:/GitHub/wm-Sites/4vapor.ru/old/img/sig/kanger-esmart-e-cigarette-kit-wholesale.jpg'
2015-04-15 03:02:19: Скопирован новый 'F:/-- workflow/4vapor.ru/old/img/sig/KangerTechEMUS.jpg' -> 'F:/GitHub/wm-Sites/4vapor.ru/old/img/sig/KangerTechEMUS.jpg'
2015-04-15 03:02:19: Скопирован новый 'F:/-- workflow/4vapor.ru/old/img/sig/KangerTechEMUS2.jpg' -> 'F:/GitHub/wm-Sites/4vapor.ru/old/img/sig/KangerTechEMUS2.jpg'
2015-04-15 03:02:20: Скопирован новый 'F:/-- workflow/4vapor.ru/old/img/sig/KangerTechEMUS3.jpg' -> 'F:/GitHub/wm-Sites/4vapor.ru/old/img/sig/KangerTechEMUS3.jpg'
2015-04-15 03:02:20: Скопирован новый 'F:/-- workflow/4vapor.ru/old/img/sig/KangerTechEMUS3_charg.jpg' -> 'F:/GitHub/wm-Sites/4vapor.ru/old/img/sig/KangerTechEMUS3_charg.jpg'
2015-04-15 03:02:20: Скопирован новый 'F:/-- workflow/4vapor.ru/old/img/sig/KangerTechEMUS_clir.jpg' -> 'F:/GitHub/wm-Sites/4vapor.ru/old/img/sig/KangerTechEMUS_clir.jpg'
2015-04-15 03:02:20: Скопирован новый 'F:/-- workflow/4vapor.ru/old/index.html' -> 'F:/GitHub/wm-Sites/4vapor.ru/old/index.html'
2015-04-15 03:02:20: Скопирован новый 'F:/-- workflow/4vapor.ru/old/js/fastclick.js' -> 'F:/GitHub/wm-Sites/4vapor.ru/old/js/fastclick.js'
2015-04-15 03:02:20: Скопирован новый 'F:/-- workflow/4vapor.ru/old/js/html5shiv.min.js' -> 'F:/GitHub/wm-Sites/4vapor.ru/old/js/html5shiv.min.js'
2015-04-15 03:02:20: Скопирован новый 'F:/-- workflow/4vapor.ru/old/js/modernizer.js' -> 'F:/GitHub/wm-Sites/4vapor.ru/old/js/modernizer.js'
2015-04-15 03:02:20: Скопирован новый 'F:/-- workflow/4vapor.ru/old/js/wow.min.js' -> 'F:/GitHub/wm-Sites/4vapor.ru/old/js/wow.min.js'
2015-04-15 03:02:20: Скопирован новый 'F:/-- workflow/4vapor.ru/old/php/send.php' -> 'F:/GitHub/wm-Sites/4vapor.ru/old/php/send.php'
2015-04-15 03:02:20: Скопирован новый 'F:/-- workflow/4vapor.ru/old/sass/base/_body.scss' -> 'F:/GitHub/wm-Sites/4vapor.ru/old/sass/base/_body.scss'
2015-04-15 03:02:20: Скопирован новый 'F:/-- workflow/4vapor.ru/old/sass/base/_buttons.scss' -> 'F:/GitHub/wm-Sites/4vapor.ru/old/sass/base/_buttons.scss'
2015-04-15 03:02:20: Скопирован новый 'F:/-- workflow/4vapor.ru/old/sass/base/_colors.scss' -> 'F:/GitHub/wm-Sites/4vapor.ru/old/sass/base/_colors.scss'
2015-04-15 03:02:20: Скопирован новый 'F:/-- workflow/4vapor.ru/old/sass/base/_vertical-center.scss' -> 'F:/GitHub/wm-Sites/4vapor.ru/old/sass/base/_vertical-center.scss'
2015-04-15 03:02:20: Скопирован новый 'F:/-- workflow/4vapor.ru/old/sass/main.scss' -> 'F:/GitHub/wm-Sites/4vapor.ru/old/sass/main.scss'
2015-04-15 03:02:20: Скопирован новый 'F:/-- workflow/4vapor.ru/old/sass/project/_layout.scss' -> 'F:/GitHub/wm-Sites/4vapor.ru/old/sass/project/_layout.scss'
2015-04-15 03:02:20: Скопирован новый 'F:/-- workflow/4vapor.ru/old/sass/project1/_buy.scss' -> 'F:/GitHub/wm-Sites/4vapor.ru/old/sass/project1/_buy.scss'
2015-04-15 03:02:20: Скопирован новый 'F:/-- workflow/4vapor.ru/old/sass/project1/_esigvsanalog.scss' -> 'F:/GitHub/wm-Sites/4vapor.ru/old/sass/project1/_esigvsanalog.scss'
2015-04-15 03:02:20: Скопирован новый 'F:/-- workflow/4vapor.ru/old/sass/project1/_footer.scss' -> 'F:/GitHub/wm-Sites/4vapor.ru/old/sass/project1/_footer.scss'
2015-04-15 03:02:20: Скопирован новый 'F:/-- workflow/4vapor.ru/old/sass/project1/_form.scss' -> 'F:/GitHub/wm-Sites/4vapor.ru/old/sass/project1/_form.scss'
2015-04-15 03:02:20: Скопирован новый 'F:/-- workflow/4vapor.ru/old/sass/project1/_header.scss' -> 'F:/GitHub/wm-Sites/4vapor.ru/old/sass/project1/_header.scss'
2015-04-15 03:02:20: Скопирован новый 'F:/-- workflow/4vapor.ru/old/sass/project1/_landblocks.scss' -> 'F:/GitHub/wm-Sites/4vapor.ru/old/sass/project1/_landblocks.scss'
2015-04-15 03:02:20: Скопирован новый 'F:/-- workflow/4vapor.ru/old/sass/project1/_layout.scss' -> 'F:/GitHub/wm-Sites/4vapor.ru/old/sass/project1/_layout.scss'
2015-04-15 03:02:20: Скопирован новый 'F:/-- workflow/4vapor.ru/old/sass/project1/_offer.scss' -> 'F:/GitHub/wm-Sites/4vapor.ru/old/sass/project1/_offer.scss'
2015-04-15 03:02:20: Скопирован новый 'F:/-- workflow/4vapor.ru/old/send.html' -> 'F:/GitHub/wm-Sites/4vapor.ru/old/send.html'
2015-04-15 03:02:20: Скопирован новый 'F:/-- workflow/4vapor.ru/php/send.php' -> 'F:/GitHub/wm-Sites/4vapor.ru/php/send.php'
2015-04-15 03:02:20: Скопирован новый 'F:/-- workflow/4vapor.ru/prepros.cfg' -> 'F:/GitHub/wm-Sites/4vapor.ru/prepros.cfg'
2015-04-15 03:02:20: Скопирован новый 'F:/-- workflow/4vapor.ru/sass/base/_body.scss' -> 'F:/GitHub/wm-Sites/4vapor.ru/sass/base/_body.scss'
2015-04-15 03:02:20: Скопирован новый 'F:/-- workflow/4vapor.ru/sass/base/_buttons.scss' -> 'F:/GitHub/wm-Sites/4vapor.ru/sass/base/_buttons.scss'
2015-04-15 03:02:20: Скопирован новый 'F:/-- workflow/4vapor.ru/sass/base/_colors.scss' -> 'F:/GitHub/wm-Sites/4vapor.ru/sass/base/_colors.scss'
2015-04-15 03:02:20: Скопирован новый 'F:/-- workflow/4vapor.ru/sass/base/_mix.scss' -> 'F:/GitHub/wm-Sites/4vapor.ru/sass/base/_mix.scss'
2015-04-15 03:02:20: Скопирован новый 'F:/-- workflow/4vapor.ru/sass/main.scss' -> 'F:/GitHub/wm-Sites/4vapor.ru/sass/main.scss'
2015-04-15 03:02:21: Скопирован новый 'F:/-- workflow/4vapor.ru/sass/project/_catalog.scss' -> 'F:/GitHub/wm-Sites/4vapor.ru/sass/project/_catalog.scss'
2015-04-15 03:02:21: Скопирован новый 'F:/-- workflow/4vapor.ru/sass/project/_footer.scss' -> 'F:/GitHub/wm-Sites/4vapor.ru/sass/project/_footer.scss'
2015-04-15 03:02:21: Скопирован новый 'F:/-- workflow/4vapor.ru/sass/project/_header.scss' -> 'F:/GitHub/wm-Sites/4vapor.ru/sass/project/_header.scss'
2015-04-15 03:02:21: Скопирован новый 'F:/-- workflow/4vapor.ru/sass/project/_layout.scss' -> 'F:/GitHub/wm-Sites/4vapor.ru/sass/project/_layout.scss'
2015-04-15 03:02:21: Скопирован новый 'F:/-- workflow/4vapor.ru/sass/project/_offer.scss' -> 'F:/GitHub/wm-Sites/4vapor.ru/sass/project/_offer.scss'
2015-04-15 03:02:21: Скопирован новый 'F:/-- workflow/4vapor.ru/sass/project/_triggers.scss' -> 'F:/GitHub/wm-Sites/4vapor.ru/sass/project/_triggers.scss'
2015-04-15 03:02:21: Скопирован новый 'F:/-- workflow/4vapor.ru/sass/project/_whatIsIt.scss' -> 'F:/GitHub/wm-Sites/4vapor.ru/sass/project/_whatIsIt.scss'
2015-04-15 03:02:22: ===== Синхронизация завершена. Время 00:00:05, Скорость: 1,48 МБ/s файлов/сек =====, Синхронизировано: 465, Ошибок: 0
2015-04-15 03:02:23: -- Analysis Started by On File Change PostSync Re-Analyze
2015-04-15 03:02:23: Изменений: 0, Конфликтов: 0, Копий Времени: 0, Копий Состояния: 0/0, Ошибок: 0, All: 467
2015-04-15 03:02:23: ----- Анализ завершён. Время 00:00:06, Скорость: 20 файлов/сек -----
2015-04-15 03:02:23: 
